TN:
SF:src\controllers\auth.controller.ts
FN:11,(anonymous_1)
FN:16,(anonymous_2)
FN:56,(anonymous_3)
FN:70,(anonymous_4)
FN:82,(anonymous_5)
FNF:5
FNH:5
FNDA:5,(anonymous_1)
FNDA:2,(anonymous_2)
FNDA:1,(anonymous_3)
FNDA:1,(anonymous_4)
FNDA:1,(anonymous_5)
DA:2,1
DA:3,1
DA:5,1
DA:7,1
DA:12,5
DA:13,5
DA:16,5
DA:17,2
DA:18,2
DA:20,2
DA:21,2
DA:22,1
DA:25,1
DA:26,1
DA:27,0
DA:30,1
DA:36,1
DA:42,1
DA:51,0
DA:52,0
DA:56,5
DA:57,1
DA:58,1
DA:59,1
DA:60,1
DA:61,1
DA:63,1
DA:65,0
DA:66,0
DA:70,5
DA:71,1
DA:72,1
DA:73,1
DA:74,1
DA:75,1
DA:77,0
DA:78,0
DA:82,5
DA:83,1
DA:84,1
DA:85,1
DA:86,1
DA:88,0
DA:89,0
LF:44
LH:35
BRDA:21,0,0,1
BRDA:26,1,0,0
BRDA:32,2,0,1
BRDA:32,2,1,0
BRDA:32,3,0,1
BRDA:32,3,1,1
BRDA:33,4,0,1
BRDA:33,4,1,0
BRDA:33,5,0,1
BRDA:33,5,1,1
BRDA:59,6,0,1
BRF:11
BRH:8
end_of_record
TN:
SF:src\controllers\chat.controller.ts
FN:9,(anonymous_0)
FN:22,(anonymous_1)
FN:65,(anonymous_2)
FN:83,(anonymous_3)
FN:101,(anonymous_4)
FN:125,(anonymous_5)
FN:143,(anonymous_6)
FNF:7
FNH:7
FNDA:1,(anonymous_0)
FNDA:2,(anonymous_1)
FNDA:2,(anonymous_2)
FNDA:1,(anonymous_3)
FNDA:2,(anonymous_4)
FNDA:1,(anonymous_5)
FNDA:2,(anonymous_6)
DA:2,1
DA:3,1
DA:4,1
DA:5,1
DA:7,1
DA:10,1
DA:11,1
DA:12,1
DA:15,1
DA:17,0
DA:23,2
DA:24,2
DA:26,2
DA:27,0
DA:32,2
DA:33,2
DA:36,2
DA:38,2
DA:39,1
DA:45,1
DA:50,1
DA:53,1
DA:58,1
DA:60,0
DA:66,2
DA:67,2
DA:68,2
DA:73,2
DA:74,1
DA:76,1
DA:78,0
DA:84,1
DA:85,1
DA:86,1
DA:94,1
DA:96,0
DA:102,2
DA:103,2
DA:104,2
DA:105,2
DA:107,2
DA:112,2
DA:113,1
DA:116,1
DA:120,1
DA:121,0
DA:125,1
DA:126,0
DA:129,1
DA:135,1
DA:136,1
DA:138,0
DA:144,2
DA:145,2
DA:146,2
DA:148,2
DA:149,1
DA:152,1
DA:154,0
LF:59
LH:50
BRDA:26,0,0,0
BRDA:26,1,0,2
BRDA:26,1,1,2
BRDA:26,1,2,2
BRDA:38,2,0,1
BRDA:73,3,0,1
BRDA:112,4,0,1
BRDA:120,5,0,0
BRDA:125,6,0,0
BRDA:148,7,0,1
BRF:10
BRH:7
end_of_record
TN:
SF:src\controllers\user.controller.ts
FN:4,(anonymous_0)
FN:7,(anonymous_1)
FN:16,(anonymous_2)
FN:25,(anonymous_3)
FN:37,(anonymous_4)
FN:49,(anonymous_5)
FN:61,(anonymous_6)
FN:70,(anonymous_7)
FNF:8
FNH:8
FNDA:11,(anonymous_0)
FNDA:2,(anonymous_1)
FNDA:1,(anonymous_2)
FNDA:2,(anonymous_3)
FNDA:2,(anonymous_4)
FNDA:2,(anonymous_5)
FNDA:1,(anonymous_6)
FNDA:1,(anonymous_7)
DA:2,1
DA:4,1
DA:5,11
DA:8,2
DA:9,2
DA:10,1
DA:12,1
DA:17,1
DA:18,1
DA:19,1
DA:21,0
DA:26,2
DA:27,2
DA:28,2
DA:29,1
DA:31,1
DA:33,0
DA:38,2
DA:39,2
DA:40,2
DA:41,1
DA:43,1
DA:45,0
DA:50,2
DA:51,2
DA:52,2
DA:53,1
DA:55,1
DA:57,0
DA:62,1
DA:63,1
DA:64,1
DA:66,0
DA:71,1
DA:72,1
DA:73,1
DA:74,1
DA:76,0
LF:38
LH:32
BRDA:28,0,0,1
BRDA:40,1,0,1
BRDA:52,2,0,1
BRF:3
BRH:3
end_of_record
TN:
SF:src\db\db_connect.ts
FN:24,(anonymous_1)
FNF:1
FNH:0
FNDA:0,(anonymous_1)
DA:1,3
DA:2,3
DA:3,3
DA:6,3
DA:9,3
DA:24,3
DA:25,0
DA:26,0
DA:27,0
DA:29,0
DA:30,0
LF:11
LH:6
BRDA:11,0,0,3
BRDA:11,0,1,0
BRDA:12,1,0,3
BRDA:12,1,1,0
BRDA:13,2,0,3
BRDA:13,2,1,0
BRDA:14,3,0,3
BRDA:14,3,1,0
BRDA:15,4,0,3
BRDA:15,4,1,0
BRF:10
BRH:5
end_of_record
TN:
SF:src\entities\chat.entity.ts
FN:17,(anonymous_2)
FN:25,(anonymous_3)
FN:25,(anonymous_4)
FNF:3
FNH:0
FNDA:0,(anonymous_2)
FNDA:0,(anonymous_3)
FNDA:0,(anonymous_4)
DA:1,1
DA:2,1
DA:3,1
DA:6,1
DA:8,1
DA:15,1
DA:17,0
DA:23,1
DA:25,0
DA:26,1
DA:29,1
DA:32,1
LF:12
LH:10
BRF:0
BRH:0
end_of_record
TN:
SF:src\entities\message.entity.ts
FN:13,(anonymous_2)
FN:16,(anonymous_3)
FN:16,(anonymous_4)
FNF:3
FNH:0
FNDA:0,(anonymous_2)
FNDA:0,(anonymous_3)
FNDA:0,(anonymous_4)
DA:1,1
DA:2,1
DA:3,1
DA:6,1
DA:8,1
DA:11,1
DA:13,0
DA:14,1
DA:16,0
DA:17,1
DA:20,1
LF:11
LH:9
BRF:0
BRH:0
end_of_record
TN:
SF:src\entities\session.entity.ts
FN:27,(anonymous_2)
FNF:1
FNH:0
FNDA:0,(anonymous_2)
DA:1,1
DA:2,1
DA:5,1
DA:7,1
DA:10,1
DA:13,1
DA:16,1
DA:19,1
DA:22,1
DA:25,1
DA:27,0
DA:29,1
LF:12
LH:11
BRF:0
BRH:0
end_of_record
TN:
SF:src\entities\user.entity.ts
FNF:0
FNH:0
DA:1,4
DA:4,4
DA:6,4
DA:9,4
DA:12,4
DA:15,4
DA:18,4
DA:21,4
DA:24,4
DA:27,4
LF:10
LH:10
BRF:0
BRH:0
end_of_record
TN:
SF:src\services\session.service.ts
FN:11,(anonymous_0)
FN:15,(anonymous_1)
FN:28,(anonymous_2)
FN:38,(anonymous_3)
FN:55,(anonymous_4)
FN:62,(anonymous_5)
FN:78,(anonymous_6)
FNF:7
FNH:0
FNDA:0,(anonymous_0)
FNDA:0,(anonymous_1)
FNDA:0,(anonymous_2)
FNDA:0,(anonymous_3)
FNDA:0,(anonymous_4)
FNDA:0,(anonymous_5)
FNDA:0,(anonymous_6)
DA:2,1
DA:3,1
DA:4,1
DA:6,1
DA:8,1
DA:12,0
DA:16,0
DA:17,0
DA:18,0
DA:19,0
DA:20,0
DA:21,0
DA:22,0
DA:23,0
DA:25,0
DA:29,0
DA:39,0
DA:47,0
DA:48,0
DA:49,0
DA:52,0
DA:56,0
DA:63,0
DA:68,0
DA:69,0
DA:72,0
DA:79,0
LF:27
LH:5
BRDA:20,0,0,0
BRDA:20,0,1,0
BRDA:47,1,0,0
BRDA:68,2,0,0
BRF:4
BRH:0
end_of_record
TN:
SF:src\services\user.service.ts
FN:5,(anonymous_0)
FN:8,(anonymous_1)
FN:17,(anonymous_2)
FN:21,(anonymous_3)
FN:25,(anonymous_4)
FN:29,(anonymous_5)
FN:33,(anonymous_6)
FN:38,(anonymous_7)
FN:42,(anonymous_8)
FNF:9
FNH:0
FNDA:0,(anonymous_0)
FNDA:0,(anonymous_1)
FNDA:0,(anonymous_2)
FNDA:0,(anonymous_3)
FNDA:0,(anonymous_4)
FNDA:0,(anonymous_5)
FNDA:0,(anonymous_6)
FNDA:0,(anonymous_7)
FNDA:0,(anonymous_8)
DA:1,2
DA:2,2
DA:3,2
DA:5,2
DA:6,0
DA:9,0
DA:10,0
DA:14,0
DA:18,0
DA:22,0
DA:26,0
DA:30,0
DA:34,0
DA:35,0
DA:39,0
DA:43,0
DA:44,0
DA:51,0
LF:18
LH:4
BRF:0
BRH:0
end_of_record
